2025-06-18 20:11:08,121 [INFO    ] Random seed set to 42 (root)
2025-06-18 20:11:08,121 [INFO    ] Using device: cuda (root)
2025-06-18 20:11:08,121 [INFO    ] Configuration: Namespace(data_dir='r/hdd/mark2000/C40_FF++/', output_dir='../results', mode='test', epochs=15, batch_size=32, lr=0.0001, seed=42, num_workers=4) (root)
2025-06-18 20:11:09,587 [INFO    ] Model initialized: ForgeryDetector (root)
2025-06-18 20:11:09,587 [INFO    ]   - Total parameters: 151,492,675 (root)
2025-06-18 20:11:09,587 [INFO    ]   - Trainable parameters: 215,362 (0.14%) (root)
2025-06-18 20:11:09,588 [INFO    ] Initializing dataset from root: r/hdd/mark2000/C40_FF++ (dataset)
2025-06-18 20:11:09,588 [WARNING ] Class directory not found, skipping: r/hdd/mark2000/C40_FF++/Real_youtube (dataset)
2025-06-18 20:11:09,588 [ERROR   ] No images found in r/hdd/mark2000/C40_FF++ for specified classes. (dataset)
2025-06-18 20:11:09,588 [ERROR   ] Could not create test dataset: Dataset is empty. Check data paths and class names. (root)
2025-06-18 20:11:27,328 [INFO    ] Random seed set to 42 (root)
2025-06-18 20:11:27,328 [INFO    ] Using device: cuda (root)
2025-06-18 20:11:27,328 [INFO    ] Configuration: Namespace(data_dir='/hdd/mark2000/C40_FF++/', output_dir='../results', mode='test', epochs=15, batch_size=32, lr=0.0001, seed=42, num_workers=4) (root)
2025-06-18 20:11:28,788 [INFO    ] Model initialized: ForgeryDetector (root)
2025-06-18 20:11:28,788 [INFO    ]   - Total parameters: 151,492,675 (root)
2025-06-18 20:11:28,788 [INFO    ]   - Trainable parameters: 215,362 (0.14%) (root)
2025-06-18 20:11:28,788 [INFO    ] Initializing dataset from root: /hdd/mark2000/C40_FF++ (dataset)
2025-06-18 20:11:28,788 [INFO    ] Loading images from 'Real_youtube' directory... (dataset)
2025-06-18 20:11:28,856 [INFO    ] Limiting to 5000 samples for class 'Real_youtube'. (dataset)
2025-06-18 20:11:28,856 [INFO    ] Found 5000 images for class 'Real_youtube'. (dataset)
2025-06-18 20:11:28,856 [INFO    ] Initializing dataset from root: /hdd/mark2000/C40_FF++ (dataset)
2025-06-18 20:11:28,856 [INFO    ] Loading images from 'NeuralTextures' directory... (dataset)
2025-06-18 20:11:28,987 [INFO    ] Found 10100 images for class 'NeuralTextures'. (dataset)
2025-06-18 20:11:28,989 [INFO    ] Test set created with 5000 real and 10100 fake samples. (root)
2025-06-18 20:11:29,342 [INFO    ] Loaded pre-trained model from ../results/final_model.pth (root)
2025-06-18 20:11:29,342 [INFO    ] Starting model evaluation... (evaluate)
2025-06-18 20:14:57,920 [INFO    ] Random seed set to 42 (root)
2025-06-18 20:14:57,920 [INFO    ] Using device: cuda (root)
2025-06-18 20:14:57,920 [INFO    ] Configuration: Namespace(data_dir='/hdd/mark2000/C40_FF++/', output_dir='../results', mode='test', epochs=15, batch_size=32, lr=0.0001, seed=42, num_workers=4) (root)
2025-06-18 20:14:59,385 [INFO    ] Model initialized: ForgeryDetector (root)
2025-06-18 20:14:59,385 [INFO    ]   - Total parameters: 151,492,675 (root)
2025-06-18 20:14:59,385 [INFO    ]   - Trainable parameters: 215,362 (0.14%) (root)
2025-06-18 20:14:59,385 [INFO    ] Initializing dataset from root: /hdd/mark2000/C40_FF++ (dataset)
2025-06-18 20:14:59,385 [INFO    ] Loading images from 'Real_youtube' directory... (dataset)
2025-06-18 20:14:59,452 [INFO    ] Limiting to 5000 samples for class 'Real_youtube'. (dataset)
2025-06-18 20:14:59,452 [INFO    ] Found 5000 images for class 'Real_youtube'. (dataset)
2025-06-18 20:14:59,452 [INFO    ] Initializing dataset from root: /hdd/mark2000/C40_FF++ (dataset)
2025-06-18 20:14:59,452 [INFO    ] Loading images from 'NeuralTextures' directory... (dataset)
2025-06-18 20:14:59,583 [INFO    ] Found 10100 images for class 'NeuralTextures'. (dataset)
2025-06-18 20:14:59,584 [INFO    ] Test set created with 5000 real and 10100 fake samples. (root)
2025-06-18 20:14:59,953 [INFO    ] Loaded pre-trained model from ../results/final_model.pth (root)
2025-06-18 20:14:59,953 [INFO    ] Starting model evaluation... (evaluate)
2025-06-18 20:19:05,005 [INFO    ] Evaluation complete. (evaluate)
2025-06-18 20:19:05,005 [INFO    ]   - AUC: 0.9907 (evaluate)
2025-06-18 20:19:05,005 [INFO    ]   - Accuracy: 0.8942 (evaluate)
2025-06-18 20:19:05,005 [INFO    ]   - F1_Score: 0.9141 (evaluate)
2025-06-18 20:19:05,005 [INFO    ]   - EER: 0.0444 (evaluate)
2025-06-18 20:19:05,005 [INFO    ]   - EER_Threshold: 0.0000 (evaluate)
2025-06-18 20:19:05,022 [INFO    ] Test predictions saved to ../results/test_predictions.csv (root)
2025-06-18 20:19:05,022 [INFO    ] Test metrics saved to ../results/test_metrics.json (root)
2025-06-18 20:19:05,290 [INFO    ] ROC curve saved successfully to ../results/roc_curve.png (evaluate)
2025-06-18 20:19:05,290 [INFO    ] Process finished. (root)
